{"$message_type":"diagnostic","message":"unresolved import `rusqlite`","code":{"code":"E0432","explanation":"An import was unresolved.\n\nErroneous code example:\n\n```compile_fail,E0432\nuse something::Foo; // error: unresolved import `something::Foo`.\n```\n\nIn Rust 2015, paths in `use` statements are relative to the crate root. To\nimport items relative to the current and parent modules, use the `self::` and\n`super::` prefixes, respectively.\n\nIn Rust 2018 or later, paths in `use` statements are relative to the current\nmodule unless they begin with the name of a crate or a literal `crate::`, in\nwhich case they start from the crate root. As in Rust 2015 code, the `self::`\nand `super::` prefixes refer to the current and parent modules respectively.\n\nAlso verify that you didn't misspell the import name and that the import exists\nin the module from where you tried to import it. Example:\n\n```\nuse self::something::Foo; // Ok.\n\nmod something {\n    pub struct Foo;\n}\n# fn main() {}\n```\n\nIf you tried to use a module from an external crate and are using Rust 2015,\nyou may have missed the `extern crate` declaration (which is usually placed in\nthe crate root):\n\n```edition2015\nextern crate core; // Required to use the `core` crate in Rust 2015.\n\nuse core::any;\n# fn main() {}\n```\n\nSince Rust 2018 the `extern crate` declaration is not required and\nyou can instead just `use` it:\n\n```edition2018\nuse core::any; // No extern crate required in Rust 2018.\n# fn main() {}\n```\n"},"level":"error","spans":[{"file_name":"crates\\wax-core\\src\\reader.rs","byte_start":69,"byte_end":77,"line_start":2,"line_end":2,"column_start":5,"column_end":13,"is_primary":true,"text":[{"text":"use rusqlite::{Connection, OptionalExtension};","highlight_start":5,"highlight_end":13}],"label":"use of unresolved module or unlinked crate `rusqlite`","suggested_replacement":null,"suggestion_applicability":null,"expansion":null}],"children":[{"message":"if you wanted to use a crate named `rusqlite`, use `cargo add rusqlite` to add it to your `Cargo.toml`","code":null,"level":"help","spans":[],"children":[],"rendered":null}],"rendered":"\u001b[1m\u001b[91merror[E0432]\u001b[0m\u001b[1m\u001b[97m: unresolved import `rusqlite`\u001b[0m\n \u001b[1m\u001b[96m--> \u001b[0mcrates\\wax-core\\src\\reader.rs:2:5\n  \u001b[1m\u001b[96m|\u001b[0m\n\u001b[1m\u001b[96m2\u001b[0m \u001b[1m\u001b[96m|\u001b[0m use rusqlite::{Connection, OptionalExtension};\n  \u001b[1m\u001b[96m|\u001b[0m     \u001b[1m\u001b[91m^^^^^^^^\u001b[0m \u001b[1m\u001b[91muse of unresolved module or unlinked crate `rusqlite`\u001b[0m\n  \u001b[1m\u001b[96m|\u001b[0m\n  \u001b[1m\u001b[96m= \u001b[0m\u001b[1m\u001b[97mhelp\u001b[0m: if you wanted to use a crate named `rusqlite`, use `cargo add rusqlite` to add it to your `Cargo.toml`\n\n"}
{"$message_type":"diagnostic","message":"unresolved import `tempfile`","code":{"code":"E0432","explanation":"An import was unresolved.\n\nErroneous code example:\n\n```compile_fail,E0432\nuse something::Foo; // error: unresolved import `something::Foo`.\n```\n\nIn Rust 2015, paths in `use` statements are relative to the crate root. To\nimport items relative to the current and parent modules, use the `self::` and\n`super::` prefixes, respectively.\n\nIn Rust 2018 or later, paths in `use` statements are relative to the current\nmodule unless they begin with the name of a crate or a literal `crate::`, in\nwhich case they start from the crate root. As in Rust 2015 code, the `self::`\nand `super::` prefixes refer to the current and parent modules respectively.\n\nAlso verify that you didn't misspell the import name and that the import exists\nin the module from where you tried to import it. Example:\n\n```\nuse self::something::Foo; // Ok.\n\nmod something {\n    pub struct Foo;\n}\n# fn main() {}\n```\n\nIf you tried to use a module from an external crate and are using Rust 2015,\nyou may have missed the `extern crate` declaration (which is usually placed in\nthe crate root):\n\n```edition2015\nextern crate core; // Required to use the `core` crate in Rust 2015.\n\nuse core::any;\n# fn main() {}\n```\n\nSince Rust 2018 the `extern crate` declaration is not required and\nyou can instead just `use` it:\n\n```edition2018\nuse core::any; // No extern crate required in Rust 2018.\n# fn main() {}\n```\n"},"level":"error","spans":[{"file_name":"crates\\wax-core\\src\\reader.rs","byte_start":197,"byte_end":205,"line_start":6,"line_end":6,"column_start":5,"column_end":13,"is_primary":true,"text":[{"text":"use tempfile::NamedTempFile;","highlight_start":5,"highlight_end":13}],"label":"use of unresolved module or unlinked crate `tempfile`","suggested_replacement":null,"suggestion_applicability":null,"expansion":null}],"children":[{"message":"if you wanted to use a crate named `tempfile`, use `cargo add tempfile` to add it to your `Cargo.toml`","code":null,"level":"help","spans":[],"children":[],"rendered":null}],"rendered":"\u001b[1m\u001b[91merror[E0432]\u001b[0m\u001b[1m\u001b[97m: unresolved import `tempfile`\u001b[0m\n \u001b[1m\u001b[96m--> \u001b[0mcrates\\wax-core\\src\\reader.rs:6:5\n  \u001b[1m\u001b[96m|\u001b[0m\n\u001b[1m\u001b[96m6\u001b[0m \u001b[1m\u001b[96m|\u001b[0m use tempfile::NamedTempFile;\n  \u001b[1m\u001b[96m|\u001b[0m     \u001b[1m\u001b[91m^^^^^^^^\u001b[0m \u001b[1m\u001b[91muse of unresolved module or unlinked crate `tempfile`\u001b[0m\n  \u001b[1m\u001b[96m|\u001b[0m\n  \u001b[1m\u001b[96m= \u001b[0m\u001b[1m\u001b[97mhelp\u001b[0m: if you wanted to use a crate named `tempfile`, use `cargo add tempfile` to add it to your `Cargo.toml`\n\n"}
{"$message_type":"diagnostic","message":"unresolved import `thiserror`","code":{"code":"E0432","explanation":"An import was unresolved.\n\nErroneous code example:\n\n```compile_fail,E0432\nuse something::Foo; // error: unresolved import `something::Foo`.\n```\n\nIn Rust 2015, paths in `use` statements are relative to the crate root. To\nimport items relative to the current and parent modules, use the `self::` and\n`super::` prefixes, respectively.\n\nIn Rust 2018 or later, paths in `use` statements are relative to the current\nmodule unless they begin with the name of a crate or a literal `crate::`, in\nwhich case they start from the crate root. As in Rust 2015 code, the `self::`\nand `super::` prefixes refer to the current and parent modules respectively.\n\nAlso verify that you didn't misspell the import name and that the import exists\nin the module from where you tried to import it. Example:\n\n```\nuse self::something::Foo; // Ok.\n\nmod something {\n    pub struct Foo;\n}\n# fn main() {}\n```\n\nIf you tried to use a module from an external crate and are using Rust 2015,\nyou may have missed the `extern crate` declaration (which is usually placed in\nthe crate root):\n\n```edition2015\nextern crate core; // Required to use the `core` crate in Rust 2015.\n\nuse core::any;\n# fn main() {}\n```\n\nSince Rust 2018 the `extern crate` declaration is not required and\nyou can instead just `use` it:\n\n```edition2018\nuse core::any; // No extern crate required in Rust 2018.\n# fn main() {}\n```\n"},"level":"error","spans":[{"file_name":"crates\\wax-core\\src\\reader.rs","byte_start":227,"byte_end":236,"line_start":7,"line_end":7,"column_start":5,"column_end":14,"is_primary":true,"text":[{"text":"use thiserror::Error;","highlight_start":5,"highlight_end":14}],"label":"use of unresolved module or unlinked crate `thiserror`","suggested_replacement":null,"suggestion_applicability":null,"expansion":null}],"children":[{"message":"if you wanted to use a crate named `thiserror`, use `cargo add thiserror` to add it to your `Cargo.toml`","code":null,"level":"help","spans":[],"children":[],"rendered":null}],"rendered":"\u001b[1m\u001b[91merror[E0432]\u001b[0m\u001b[1m\u001b[97m: unresolved import `thiserror`\u001b[0m\n \u001b[1m\u001b[96m--> \u001b[0mcrates\\wax-core\\src\\reader.rs:7:5\n  \u001b[1m\u001b[96m|\u001b[0m\n\u001b[1m\u001b[96m7\u001b[0m \u001b[1m\u001b[96m|\u001b[0m use thiserror::Error;\n  \u001b[1m\u001b[96m|\u001b[0m     \u001b[1m\u001b[91m^^^^^^^^^\u001b[0m \u001b[1m\u001b[91muse of unresolved module or unlinked crate `thiserror`\u001b[0m\n  \u001b[1m\u001b[96m|\u001b[0m\n  \u001b[1m\u001b[96m= \u001b[0m\u001b[1m\u001b[97mhelp\u001b[0m: if you wanted to use a crate named `thiserror`, use `cargo add thiserror` to add it to your `Cargo.toml`\n\n"}
{"$message_type":"diagnostic","message":"cannot find attribute `error` in this scope","code":null,"level":"error","spans":[{"file_name":"crates\\wax-core\\src\\reader.rs","byte_start":326,"byte_end":331,"line_start":12,"line_end":12,"column_start":7,"column_end":12,"is_primary":true,"text":[{"text":"    #[error(\"IO Error: {0}\")]","highlight_start":7,"highlight_end":12}],"label":null,"suggested_replacement":null,"suggestion_applicability":null,"expansion":null}],"children":[],"rendered":"\u001b[1m\u001b[91merror\u001b[0m\u001b[1m\u001b[97m: cannot find attribute `error` in this scope\u001b[0m\n  \u001b[1m\u001b[96m--> \u001b[0mcrates\\wax-core\\src\\reader.rs:12:7\n   \u001b[1m\u001b[96m|\u001b[0m\n\u001b[1m\u001b[96m12\u001b[0m \u001b[1m\u001b[96m|\u001b[0m     #[error(\"IO Error: {0}\")]\n   \u001b[1m\u001b[96m|\u001b[0m       \u001b[1m\u001b[91m^^^^^\u001b[0m\n\n"}
{"$message_type":"diagnostic","message":"cannot find attribute `from` in this scope","code":null,"level":"error","spans":[{"file_name":"crates\\wax-core\\src\\reader.rs","byte_start":360,"byte_end":364,"line_start":13,"line_end":13,"column_start":10,"column_end":14,"is_primary":true,"text":[{"text":"    Io(#[from] std::io::Error),","highlight_start":10,"highlight_end":14}],"label":null,"suggested_replacement":null,"suggestion_applicability":null,"expansion":null}],"children":[],"rendered":"\u001b[1m\u001b[91merror\u001b[0m\u001b[1m\u001b[97m: cannot find attribute `from` in this scope\u001b[0m\n  \u001b[1m\u001b[96m--> \u001b[0mcrates\\wax-core\\src\\reader.rs:13:10\n   \u001b[1m\u001b[96m|\u001b[0m\n\u001b[1m\u001b[96m13\u001b[0m \u001b[1m\u001b[96m|\u001b[0m     Io(#[from] std::io::Error),\n   \u001b[1m\u001b[96m|\u001b[0m          \u001b[1m\u001b[91m^^^^\u001b[0m\n\n"}
{"$message_type":"diagnostic","message":"cannot find attribute `error` in this scope","code":null,"level":"error","spans":[{"file_name":"crates\\wax-core\\src\\reader.rs","byte_start":390,"byte_end":395,"line_start":14,"line_end":14,"column_start":7,"column_end":12,"is_primary":true,"text":[{"text":"    #[error(\"SQLite Error: {0}\")]","highlight_start":7,"highlight_end":12}],"label":null,"suggested_replacement":null,"suggestion_applicability":null,"expansion":null}],"children":[],"rendered":"\u001b[1m\u001b[91merror\u001b[0m\u001b[1m\u001b[97m: cannot find attribute `error` in this scope\u001b[0m\n  \u001b[1m\u001b[96m--> \u001b[0mcrates\\wax-core\\src\\reader.rs:14:7\n   \u001b[1m\u001b[96m|\u001b[0m\n\u001b[1m\u001b[96m14\u001b[0m \u001b[1m\u001b[96m|\u001b[0m     #[error(\"SQLite Error: {0}\")]\n   \u001b[1m\u001b[96m|\u001b[0m       \u001b[1m\u001b[91m^^^^^\u001b[0m\n\n"}
{"$message_type":"diagnostic","message":"cannot find attribute `from` in this scope","code":null,"level":"error","spans":[{"file_name":"crates\\wax-core\\src\\reader.rs","byte_start":429,"byte_end":433,"line_start":15,"line_end":15,"column_start":11,"column_end":15,"is_primary":true,"text":[{"text":"    Sql(#[from] rusqlite::Error),","highlight_start":11,"highlight_end":15}],"label":null,"suggested_replacement":null,"suggestion_applicability":null,"expansion":null}],"children":[],"rendered":"\u001b[1m\u001b[91merror\u001b[0m\u001b[1m\u001b[97m: cannot find attribute `from` in this scope\u001b[0m\n  \u001b[1m\u001b[96m--> \u001b[0mcrates\\wax-core\\src\\reader.rs:15:11\n   \u001b[1m\u001b[96m|\u001b[0m\n\u001b[1m\u001b[96m15\u001b[0m \u001b[1m\u001b[96m|\u001b[0m     Sql(#[from] rusqlite::Error),\n   \u001b[1m\u001b[96m|\u001b[0m           \u001b[1m\u001b[91m^^^^\u001b[0m\n\n"}
{"$message_type":"diagnostic","message":"cannot find attribute `error` in this scope","code":null,"level":"error","spans":[{"file_name":"crates\\wax-core\\src\\reader.rs","byte_start":460,"byte_end":465,"line_start":16,"line_end":16,"column_start":7,"column_end":12,"is_primary":true,"text":[{"text":"    #[error(\"Invalid File Format: Magic bytes do not match\")]","highlight_start":7,"highlight_end":12}],"label":null,"suggested_replacement":null,"suggestion_applicability":null,"expansion":null}],"children":[],"rendered":"\u001b[1m\u001b[91merror\u001b[0m\u001b[1m\u001b[97m: cannot find attribute `error` in this scope\u001b[0m\n  \u001b[1m\u001b[96m--> \u001b[0mcrates\\wax-core\\src\\reader.rs:16:7\n   \u001b[1m\u001b[96m|\u001b[0m\n\u001b[1m\u001b[96m16\u001b[0m \u001b[1m\u001b[96m|\u001b[0m     #[error(\"Invalid File Format: Magic bytes do not match\")]\n   \u001b[1m\u001b[96m|\u001b[0m       \u001b[1m\u001b[91m^^^^^\u001b[0m\n\n"}
{"$message_type":"diagnostic","message":"cannot find attribute `error` in this scope","code":null,"level":"error","spans":[{"file_name":"crates\\wax-core\\src\\reader.rs","byte_start":542,"byte_end":547,"line_start":18,"line_end":18,"column_start":7,"column_end":12,"is_primary":true,"text":[{"text":"    #[error(\"File not found: {0}\")]","highlight_start":7,"highlight_end":12}],"label":null,"suggested_replacement":null,"suggestion_applicability":null,"expansion":null}],"children":[],"rendered":"\u001b[1m\u001b[91merror\u001b[0m\u001b[1m\u001b[97m: cannot find attribute `error` in this scope\u001b[0m\n  \u001b[1m\u001b[96m--> \u001b[0mcrates\\wax-core\\src\\reader.rs:18:7\n   \u001b[1m\u001b[96m|\u001b[0m\n\u001b[1m\u001b[96m18\u001b[0m \u001b[1m\u001b[96m|\u001b[0m     #[error(\"File not found: {0}\")]\n   \u001b[1m\u001b[96m|\u001b[0m       \u001b[1m\u001b[91m^^^^^\u001b[0m\n\n"}
{"$message_type":"diagnostic","message":"cannot find attribute `error` in this scope","code":null,"level":"error","spans":[{"file_name":"crates\\wax-core\\src\\reader.rs","byte_start":606,"byte_end":611,"line_start":20,"line_end":20,"column_start":7,"column_end":12,"is_primary":true,"text":[{"text":"    #[error(\"Decompression Error: {0}\")]","highlight_start":7,"highlight_end":12}],"label":null,"suggested_replacement":null,"suggestion_applicability":null,"expansion":null}],"children":[],"rendered":"\u001b[1m\u001b[91merror\u001b[0m\u001b[1m\u001b[97m: cannot find attribute `error` in this scope\u001b[0m\n  \u001b[1m\u001b[96m--> \u001b[0mcrates\\wax-core\\src\\reader.rs:20:7\n   \u001b[1m\u001b[96m|\u001b[0m\n\u001b[1m\u001b[96m20\u001b[0m \u001b[1m\u001b[96m|\u001b[0m     #[error(\"Decompression Error: {0}\")]\n   \u001b[1m\u001b[96m|\u001b[0m       \u001b[1m\u001b[91m^^^^^\u001b[0m\n\n"}
{"$message_type":"diagnostic","message":"cannot find attribute `from` in this scope","code":null,"level":"error","spans":[{"file_name":"crates\\wax-core\\src\\reader.rs","byte_start":653,"byte_end":657,"line_start":21,"line_end":21,"column_start":12,"column_end":16,"is_primary":true,"text":[{"text":"    Zstd(#[from] std::io::Error), ","highlight_start":12,"highlight_end":16}],"label":null,"suggested_replacement":null,"suggestion_applicability":null,"expansion":null}],"children":[],"rendered":"\u001b[1m\u001b[91merror\u001b[0m\u001b[1m\u001b[97m: cannot find attribute `from` in this scope\u001b[0m\n  \u001b[1m\u001b[96m--> \u001b[0mcrates\\wax-core\\src\\reader.rs:21:12\n   \u001b[1m\u001b[96m|\u001b[0m\n\u001b[1m\u001b[96m21\u001b[0m \u001b[1m\u001b[96m|\u001b[0m     Zstd(#[from] std::io::Error), \n   \u001b[1m\u001b[96m|\u001b[0m            \u001b[1m\u001b[91m^^^^\u001b[0m\n\n"}
{"$message_type":"diagnostic","message":"failed to resolve: use of unresolved module or unlinked crate `zstd`","code":{"code":"E0433","explanation":"An undeclared crate, module, or type was used.\n\nErroneous code example:\n\n```compile_fail,E0433\nlet map = HashMap::new();\n// error: failed to resolve: use of undeclared type `HashMap`\n```\n\nPlease verify you didn't misspell the type/module's name or that you didn't\nforget to import it:\n\n```\nuse std::collections::HashMap; // HashMap has been imported.\nlet map: HashMap<u32, u32> = HashMap::new(); // So it can be used!\n```\n\nIf you've expected to use a crate name:\n\n```compile_fail\nuse ferris_wheel::BigO;\n// error: failed to resolve: use of undeclared module or unlinked crate\n```\n\nMake sure the crate has been added as a dependency in `Cargo.toml`.\n\nTo use a module from your current crate, add the `crate::` prefix to the path.\n"},"level":"error","spans":[{"file_name":"crates\\wax-core\\src\\reader.rs","byte_start":2602,"byte_end":2606,"line_start":81,"line_end":81,"column_start":28,"column_end":32,"is_primary":true,"text":[{"text":"        let decompressed = zstd::stream::decode_all(&compressed_buffer[..])","highlight_start":28,"highlight_end":32}],"label":"use of unresolved module or unlinked crate `zstd`","suggested_replacement":null,"suggestion_applicability":null,"expansion":null}],"children":[{"message":"there is a crate or module with a similar name","code":null,"level":"help","spans":[{"file_name":"crates\\wax-core\\src\\reader.rs","byte_start":2602,"byte_end":2606,"line_start":81,"line_end":81,"column_start":28,"column_end":32,"is_primary":true,"text":[{"text":"        let decompressed = zstd::stream::decode_all(&compressed_buffer[..])","highlight_start":28,"highlight_end":32}],"label":null,"suggested_replacement":"std","suggestion_applicability":"MaybeIncorrect","expansion":null}],"children":[],"rendered":null}],"rendered":"\u001b[1m\u001b[91merror[E0433]\u001b[0m\u001b[1m\u001b[97m: failed to resolve: use of unresolved module or unlinked crate `zstd`\u001b[0m\n  \u001b[1m\u001b[96m--> \u001b[0mcrates\\wax-core\\src\\reader.rs:81:28\n   \u001b[1m\u001b[96m|\u001b[0m\n\u001b[1m\u001b[96m81\u001b[0m \u001b[1m\u001b[96m|\u001b[0m \u001b[1m\u001b[96m...\u001b[0m  let decompressed = zstd::stream::decode_all(&compressed_b\u001b[1m\u001b[96m...\u001b[0m\n   \u001b[1m\u001b[96m|\u001b[0m                         \u001b[1m\u001b[91m^^^^\u001b[0m \u001b[1m\u001b[91muse of unresolved module or unlinked crate `zstd`\u001b[0m\n   \u001b[1m\u001b[96m|\u001b[0m\n\u001b[1m\u001b[96mhelp\u001b[0m: there is a crate or module with a similar name\n   \u001b[1m\u001b[96m|\u001b[0m\n\u001b[1m\u001b[96m81\u001b[0m \u001b[91m- \u001b[0m        let decompressed = \u001b[91mzstd\u001b[0m::stream::decode_all(&compressed_buffer[..])\n\u001b[1m\u001b[96m81\u001b[0m \u001b[92m+ \u001b[0m        let decompressed = \u001b[92mstd\u001b[0m::stream::decode_all(&compressed_buffer[..])\n   \u001b[1m\u001b[96m|\u001b[0m\n\n"}
{"$message_type":"diagnostic","message":"`?` couldn't convert the error to `WaxError`","code":{"code":"E0277","explanation":"You tried to use a type which doesn't implement some trait in a place which\nexpected that trait.\n\nErroneous code example:\n\n```compile_fail,E0277\n// here we declare the Foo trait with a bar method\ntrait Foo {\n    fn bar(&self);\n}\n\n// we now declare a function which takes an object implementing the Foo trait\nfn some_func<T: Foo>(foo: T) {\n    foo.bar();\n}\n\nfn main() {\n    // we now call the method with the i32 type, which doesn't implement\n    // the Foo trait\n    some_func(5i32); // error: the trait bound `i32 : Foo` is not satisfied\n}\n```\n\nIn order to fix this error, verify that the type you're using does implement\nthe trait. Example:\n\n```\ntrait Foo {\n    fn bar(&self);\n}\n\n// we implement the trait on the i32 type\nimpl Foo for i32 {\n    fn bar(&self) {}\n}\n\nfn some_func<T: Foo>(foo: T) {\n    foo.bar(); // we can now use this method since i32 implements the\n               // Foo trait\n}\n\nfn main() {\n    some_func(5i32); // ok!\n}\n```\n\nOr in a generic context, an erroneous code example would look like:\n\n```compile_fail,E0277\nfn some_func<T>(foo: T) {\n    println!(\"{:?}\", foo); // error: the trait `core::fmt::Debug` is not\n                           //        implemented for the type `T`\n}\n\nfn main() {\n    // We now call the method with the i32 type,\n    // which *does* implement the Debug trait.\n    some_func(5i32);\n}\n```\n\nNote that the error here is in the definition of the generic function. Although\nwe only call it with a parameter that does implement `Debug`, the compiler\nstill rejects the function. It must work with all possible input types. In\norder to make this example compile, we need to restrict the generic type we're\naccepting:\n\n```\nuse std::fmt;\n\n// Restrict the input type to types that implement Debug.\nfn some_func<T: fmt::Debug>(foo: T) {\n    println!(\"{:?}\", foo);\n}\n\nfn main() {\n    // Calling the method is still fine, as i32 implements Debug.\n    some_func(5i32);\n\n    // This would fail to compile now:\n    // struct WithoutDebug;\n    // some_func(WithoutDebug);\n}\n```\n\nRust only looks at the signature of the called function, as such it must\nalready specify all requirements that will be used for every type parameter.\n"},"level":"error","spans":[{"file_name":"crates\\wax-core\\src\\reader.rs","byte_start":910,"byte_end":926,"line_start":32,"line_end":32,"column_start":24,"column_end":40,"is_primary":false,"text":[{"text":"        let mut file = File::open(path)?;","highlight_start":24,"highlight_end":40}],"label":"this can't be annotated with `?` because it has type `Result<_, std::io::Error>`","suggested_replacement":null,"suggestion_applicability":null,"expansion":null},{"file_name":"crates\\wax-core\\src\\reader.rs","byte_start":926,"byte_end":927,"line_start":32,"line_end":32,"column_start":40,"column_end":41,"is_primary":true,"text":[{"text":"        let mut file = File::open(path)?;","highlight_start":40,"highlight_end":41}],"label":"the trait `From<std::io::Error>` is not implemented for `WaxError`","suggested_replacement":null,"suggestion_applicability":null,"expansion":{"span":{"file_name":"crates\\wax-core\\src\\reader.rs","byte_start":926,"byte_end":927,"line_start":32,"line_end":32,"column_start":40,"column_end":41,"is_primary":false,"text":[{"text":"        let mut file = File::open(path)?;","highlight_start":40,"highlight_end":41}],"label":null,"suggested_replacement":null,"suggestion_applicability":null,"expansion":null},"macro_decl_name":"desugaring of operator `?`","def_site_span":{"file_name":"crates\\wax-core\\src\\lib.rs","byte_start":0,"byte_end":0,"line_start":1,"line_end":1,"column_start":1,"column_end":1,"is_primary":false,"text":[],"label":null,"suggested_replacement":null,"suggestion_applicability":null,"expansion":null}}}],"children":[{"message":"`WaxError` needs to implement `From<std::io::Error>`","code":null,"level":"note","spans":[{"file_name":"crates\\wax-core\\src\\reader.rs","byte_start":299,"byte_end":316,"line_start":11,"line_end":11,"column_start":1,"column_end":18,"is_primary":true,"text":[{"text":"pub enum WaxError {","highlight_start":1,"highlight_end":18}],"label":null,"suggested_replacement":null,"suggestion_applicability":null,"expansion":null}],"children":[],"rendered":null},{"message":"the question mark operation (`?`) implicitly performs a conversion on the error value using the `From` trait","code":null,"level":"note","spans":[],"children":[],"rendered":null}],"rendered":"\u001b[1m\u001b[91merror[E0277]\u001b[0m\u001b[1m\u001b[97m: `?` couldn't convert the error to `WaxError`\u001b[0m\n  \u001b[1m\u001b[96m--> \u001b[0mcrates\\wax-core\\src\\reader.rs:32:40\n   \u001b[1m\u001b[96m|\u001b[0m\n\u001b[1m\u001b[96m32\u001b[0m \u001b[1m\u001b[96m|\u001b[0m         let mut file = File::open(path)?;\n   \u001b[1m\u001b[96m|\u001b[0m                        \u001b[1m\u001b[96m----------------\u001b[0m\u001b[1m\u001b[91m^\u001b[0m \u001b[1m\u001b[91mthe trait `From<std::io::Error>` is not implemented for `WaxError`\u001b[0m\n   \u001b[1m\u001b[96m|\u001b[0m                        \u001b[1m\u001b[96m|\u001b[0m\n   \u001b[1m\u001b[96m|\u001b[0m                        \u001b[1m\u001b[96mthis can't be annotated with `?` because it has type `Result<_, std::io::Error>`\u001b[0m\n   \u001b[1m\u001b[96m|\u001b[0m\n\u001b[1m\u001b[92mnote\u001b[0m: `WaxError` needs to implement `From<std::io::Error>`\n  \u001b[1m\u001b[96m--> \u001b[0mcrates\\wax-core\\src\\reader.rs:11:1\n   \u001b[1m\u001b[96m|\u001b[0m\n\u001b[1m\u001b[96m11\u001b[0m \u001b[1m\u001b[96m|\u001b[0m pub enum WaxError {\n   \u001b[1m\u001b[96m|\u001b[0m \u001b[1m\u001b[92m^^^^^^^^^^^^^^^^^\u001b[0m\n   \u001b[1m\u001b[96m= \u001b[0m\u001b[1m\u001b[97mnote\u001b[0m: the question mark operation (`?`) implicitly performs a conversion on the error value using the `From` trait\n\n"}
{"$message_type":"diagnostic","message":"`?` couldn't convert the error to `WaxError`","code":{"code":"E0277","explanation":"You tried to use a type which doesn't implement some trait in a place which\nexpected that trait.\n\nErroneous code example:\n\n```compile_fail,E0277\n// here we declare the Foo trait with a bar method\ntrait Foo {\n    fn bar(&self);\n}\n\n// we now declare a function which takes an object implementing the Foo trait\nfn some_func<T: Foo>(foo: T) {\n    foo.bar();\n}\n\nfn main() {\n    // we now call the method with the i32 type, which doesn't implement\n    // the Foo trait\n    some_func(5i32); // error: the trait bound `i32 : Foo` is not satisfied\n}\n```\n\nIn order to fix this error, verify that the type you're using does implement\nthe trait. Example:\n\n```\ntrait Foo {\n    fn bar(&self);\n}\n\n// we implement the trait on the i32 type\nimpl Foo for i32 {\n    fn bar(&self) {}\n}\n\nfn some_func<T: Foo>(foo: T) {\n    foo.bar(); // we can now use this method since i32 implements the\n               // Foo trait\n}\n\nfn main() {\n    some_func(5i32); // ok!\n}\n```\n\nOr in a generic context, an erroneous code example would look like:\n\n```compile_fail,E0277\nfn some_func<T>(foo: T) {\n    println!(\"{:?}\", foo); // error: the trait `core::fmt::Debug` is not\n                           //        implemented for the type `T`\n}\n\nfn main() {\n    // We now call the method with the i32 type,\n    // which *does* implement the Debug trait.\n    some_func(5i32);\n}\n```\n\nNote that the error here is in the definition of the generic function. Although\nwe only call it with a parameter that does implement `Debug`, the compiler\nstill rejects the function. It must work with all possible input types. In\norder to make this example compile, we need to restrict the generic type we're\naccepting:\n\n```\nuse std::fmt;\n\n// Restrict the input type to types that implement Debug.\nfn some_func<T: fmt::Debug>(foo: T) {\n    println!(\"{:?}\", foo);\n}\n\nfn main() {\n    // Calling the method is still fine, as i32 implements Debug.\n    some_func(5i32);\n\n    // This would fail to compile now:\n    // struct WithoutDebug;\n    // some_func(WithoutDebug);\n}\n```\n\nRust only looks at the signature of the called function, as such it must\nalready specify all requirements that will be used for every type parameter.\n"},"level":"error","spans":[{"file_name":"crates\\wax-core\\src\\reader.rs","byte_start":1016,"byte_end":1046,"line_start":36,"line_end":36,"column_start":14,"column_end":44,"is_primary":false,"text":[{"text":"        file.read_exact(&mut header_buffer)?;","highlight_start":14,"highlight_end":44}],"label":"this can't be annotated with `?` because it has type `Result<_, std::io::Error>`","suggested_replacement":null,"suggestion_applicability":null,"expansion":null},{"file_name":"crates\\wax-core\\src\\reader.rs","byte_start":1046,"byte_end":1047,"line_start":36,"line_end":36,"column_start":44,"column_end":45,"is_primary":true,"text":[{"text":"        file.read_exact(&mut header_buffer)?;","highlight_start":44,"highlight_end":45}],"label":"the trait `From<std::io::Error>` is not implemented for `WaxError`","suggested_replacement":null,"suggestion_applicability":null,"expansion":{"span":{"file_name":"crates\\wax-core\\src\\reader.rs","byte_start":1046,"byte_end":1047,"line_start":36,"line_end":36,"column_start":44,"column_end":45,"is_primary":false,"text":[{"text":"        file.read_exact(&mut header_buffer)?;","highlight_start":44,"highlight_end":45}],"label":null,"suggested_replacement":null,"suggestion_applicability":null,"expansion":null},"macro_decl_name":"desugaring of operator `?`","def_site_span":{"file_name":"crates\\wax-core\\src\\lib.rs","byte_start":0,"byte_end":0,"line_start":1,"line_end":1,"column_start":1,"column_end":1,"is_primary":false,"text":[],"label":null,"suggested_replacement":null,"suggestion_applicability":null,"expansion":null}}}],"children":[{"message":"`WaxError` needs to implement `From<std::io::Error>`","code":null,"level":"note","spans":[{"file_name":"crates\\wax-core\\src\\reader.rs","byte_start":299,"byte_end":316,"line_start":11,"line_end":11,"column_start":1,"column_end":18,"is_primary":true,"text":[{"text":"pub enum WaxError {","highlight_start":1,"highlight_end":18}],"label":null,"suggested_replacement":null,"suggestion_applicability":null,"expansion":null}],"children":[],"rendered":null},{"message":"the question mark operation (`?`) implicitly performs a conversion on the error value using the `From` trait","code":null,"level":"note","spans":[],"children":[],"rendered":null}],"rendered":"\u001b[1m\u001b[91merror[E0277]\u001b[0m\u001b[1m\u001b[97m: `?` couldn't convert the error to `WaxError`\u001b[0m\n  \u001b[1m\u001b[96m--> \u001b[0mcrates\\wax-core\\src\\reader.rs:36:44\n   \u001b[1m\u001b[96m|\u001b[0m\n\u001b[1m\u001b[96m36\u001b[0m \u001b[1m\u001b[96m|\u001b[0m         file.read_exact(&mut header_buffer)?;\n   \u001b[1m\u001b[96m|\u001b[0m              \u001b[1m\u001b[96m------------------------------\u001b[0m\u001b[1m\u001b[91m^\u001b[0m \u001b[1m\u001b[91mthe trait `From<std::io::Error>` is not implemented for `WaxError`\u001b[0m\n   \u001b[1m\u001b[96m|\u001b[0m              \u001b[1m\u001b[96m|\u001b[0m\n   \u001b[1m\u001b[96m|\u001b[0m              \u001b[1m\u001b[96mthis can't be annotated with `?` because it has type `Result<_, std::io::Error>`\u001b[0m\n   \u001b[1m\u001b[96m|\u001b[0m\n\u001b[1m\u001b[92mnote\u001b[0m: `WaxError` needs to implement `From<std::io::Error>`\n  \u001b[1m\u001b[96m--> \u001b[0mcrates\\wax-core\\src\\reader.rs:11:1\n   \u001b[1m\u001b[96m|\u001b[0m\n\u001b[1m\u001b[96m11\u001b[0m \u001b[1m\u001b[96m|\u001b[0m pub enum WaxError {\n   \u001b[1m\u001b[96m|\u001b[0m \u001b[1m\u001b[92m^^^^^^^^^^^^^^^^^\u001b[0m\n   \u001b[1m\u001b[96m= \u001b[0m\u001b[1m\u001b[97mnote\u001b[0m: the question mark operation (`?`) implicitly performs a conversion on the error value using the `From` trait\n\n"}
{"$message_type":"diagnostic","message":"`?` couldn't convert the error to `WaxError`","code":{"code":"E0277","explanation":"You tried to use a type which doesn't implement some trait in a place which\nexpected that trait.\n\nErroneous code example:\n\n```compile_fail,E0277\n// here we declare the Foo trait with a bar method\ntrait Foo {\n    fn bar(&self);\n}\n\n// we now declare a function which takes an object implementing the Foo trait\nfn some_func<T: Foo>(foo: T) {\n    foo.bar();\n}\n\nfn main() {\n    // we now call the method with the i32 type, which doesn't implement\n    // the Foo trait\n    some_func(5i32); // error: the trait bound `i32 : Foo` is not satisfied\n}\n```\n\nIn order to fix this error, verify that the type you're using does implement\nthe trait. Example:\n\n```\ntrait Foo {\n    fn bar(&self);\n}\n\n// we implement the trait on the i32 type\nimpl Foo for i32 {\n    fn bar(&self) {}\n}\n\nfn some_func<T: Foo>(foo: T) {\n    foo.bar(); // we can now use this method since i32 implements the\n               // Foo trait\n}\n\nfn main() {\n    some_func(5i32); // ok!\n}\n```\n\nOr in a generic context, an erroneous code example would look like:\n\n```compile_fail,E0277\nfn some_func<T>(foo: T) {\n    println!(\"{:?}\", foo); // error: the trait `core::fmt::Debug` is not\n                           //        implemented for the type `T`\n}\n\nfn main() {\n    // We now call the method with the i32 type,\n    // which *does* implement the Debug trait.\n    some_func(5i32);\n}\n```\n\nNote that the error here is in the definition of the generic function. Although\nwe only call it with a parameter that does implement `Debug`, the compiler\nstill rejects the function. It must work with all possible input types. In\norder to make this example compile, we need to restrict the generic type we're\naccepting:\n\n```\nuse std::fmt;\n\n// Restrict the input type to types that implement Debug.\nfn some_func<T: fmt::Debug>(foo: T) {\n    println!(\"{:?}\", foo);\n}\n\nfn main() {\n    // Calling the method is still fine, as i32 implements Debug.\n    some_func(5i32);\n\n    // This would fail to compile now:\n    // struct WithoutDebug;\n    // some_func(WithoutDebug);\n}\n```\n\nRust only looks at the signature of the called function, as such it must\nalready specify all requirements that will be used for every type parameter.\n"},"level":"error","spans":[{"file_name":"crates\\wax-core\\src\\reader.rs","byte_start":1178,"byte_end":1257,"line_start":40,"line_end":40,"column_start":14,"column_end":93,"is_primary":false,"text":[{"text":"            .ok_or(std::io::Error::new(std::io::ErrorKind::InvalidData, \"Header too short\"))?;","highlight_start":14,"highlight_end":93}],"label":"this can't be annotated with `?` because it has type `Result<_, std::io::Error>`","suggested_replacement":null,"suggestion_applicability":null,"expansion":null},{"file_name":"crates\\wax-core\\src\\reader.rs","byte_start":1257,"byte_end":1258,"line_start":40,"line_end":40,"column_start":93,"column_end":94,"is_primary":true,"text":[{"text":"            .ok_or(std::io::Error::new(std::io::ErrorKind::InvalidData, \"Header too short\"))?;","highlight_start":93,"highlight_end":94}],"label":"the trait `From<std::io::Error>` is not implemented for `WaxError`","suggested_replacement":null,"suggestion_applicability":null,"expansion":{"span":{"file_name":"crates\\wax-core\\src\\reader.rs","byte_start":1257,"byte_end":1258,"line_start":40,"line_end":40,"column_start":93,"column_end":94,"is_primary":false,"text":[{"text":"            .ok_or(std::io::Error::new(std::io::ErrorKind::InvalidData, \"Header too short\"))?;","highlight_start":93,"highlight_end":94}],"label":null,"suggested_replacement":null,"suggestion_applicability":null,"expansion":null},"macro_decl_name":"desugaring of operator `?`","def_site_span":{"file_name":"crates\\wax-core\\src\\lib.rs","byte_start":0,"byte_end":0,"line_start":1,"line_end":1,"column_start":1,"column_end":1,"is_primary":false,"text":[],"label":null,"suggested_replacement":null,"suggestion_applicability":null,"expansion":null}}}],"children":[{"message":"`WaxError` needs to implement `From<std::io::Error>`","code":null,"level":"note","spans":[{"file_name":"crates\\wax-core\\src\\reader.rs","byte_start":299,"byte_end":316,"line_start":11,"line_end":11,"column_start":1,"column_end":18,"is_primary":true,"text":[{"text":"pub enum WaxError {","highlight_start":1,"highlight_end":18}],"label":null,"suggested_replacement":null,"suggestion_applicability":null,"expansion":null}],"children":[],"rendered":null},{"message":"the question mark operation (`?`) implicitly performs a conversion on the error value using the `From` trait","code":null,"level":"note","spans":[],"children":[],"rendered":null}],"rendered":"\u001b[1m\u001b[91merror[E0277]\u001b[0m\u001b[1m\u001b[97m: `?` couldn't convert the error to `WaxError`\u001b[0m\n  \u001b[1m\u001b[96m--> \u001b[0mcrates\\wax-core\\src\\reader.rs:40:93\n   \u001b[1m\u001b[96m|\u001b[0m\n\u001b[1m\u001b[96m40\u001b[0m \u001b[1m\u001b[96m|\u001b[0m \u001b[1m\u001b[96m...\u001b[0m  .ok_or(std::io::Error::new(std::io::ErrorKind::InvalidData, \"Header too short\"))?;\n   \u001b[1m\u001b[96m|\u001b[0m       \u001b[1m\u001b[96m-------------------------------------------------------------------------------\u001b[0m\u001b[1m\u001b[91m^\u001b[0m \u001b[1m\u001b[91mthe trait `From<std::io::Error>` is not implemented for `WaxError`\u001b[0m\n   \u001b[1m\u001b[96m|\u001b[0m       \u001b[1m\u001b[96m|\u001b[0m\n   \u001b[1m\u001b[96m|\u001b[0m       \u001b[1m\u001b[96mthis can't be annotated with `?` because it has type `Result<_, std::io::Error>`\u001b[0m\n   \u001b[1m\u001b[96m|\u001b[0m\n\u001b[1m\u001b[92mnote\u001b[0m: `WaxError` needs to implement `From<std::io::Error>`\n  \u001b[1m\u001b[96m--> \u001b[0mcrates\\wax-core\\src\\reader.rs:11:1\n   \u001b[1m\u001b[96m|\u001b[0m\n\u001b[1m\u001b[96m11\u001b[0m \u001b[1m\u001b[96m|\u001b[0m pub enum WaxError {\n   \u001b[1m\u001b[96m|\u001b[0m \u001b[1m\u001b[92m^^^^^^^^^^^^^^^^^\u001b[0m\n   \u001b[1m\u001b[96m= \u001b[0m\u001b[1m\u001b[97mnote\u001b[0m: the question mark operation (`?`) implicitly performs a conversion on the error value using the `From` trait\n\n"}
{"$message_type":"diagnostic","message":"`?` couldn't convert the error to `WaxError`","code":{"code":"E0277","explanation":"You tried to use a type which doesn't implement some trait in a place which\nexpected that trait.\n\nErroneous code example:\n\n```compile_fail,E0277\n// here we declare the Foo trait with a bar method\ntrait Foo {\n    fn bar(&self);\n}\n\n// we now declare a function which takes an object implementing the Foo trait\nfn some_func<T: Foo>(foo: T) {\n    foo.bar();\n}\n\nfn main() {\n    // we now call the method with the i32 type, which doesn't implement\n    // the Foo trait\n    some_func(5i32); // error: the trait bound `i32 : Foo` is not satisfied\n}\n```\n\nIn order to fix this error, verify that the type you're using does implement\nthe trait. Example:\n\n```\ntrait Foo {\n    fn bar(&self);\n}\n\n// we implement the trait on the i32 type\nimpl Foo for i32 {\n    fn bar(&self) {}\n}\n\nfn some_func<T: Foo>(foo: T) {\n    foo.bar(); // we can now use this method since i32 implements the\n               // Foo trait\n}\n\nfn main() {\n    some_func(5i32); // ok!\n}\n```\n\nOr in a generic context, an erroneous code example would look like:\n\n```compile_fail,E0277\nfn some_func<T>(foo: T) {\n    println!(\"{:?}\", foo); // error: the trait `core::fmt::Debug` is not\n                           //        implemented for the type `T`\n}\n\nfn main() {\n    // We now call the method with the i32 type,\n    // which *does* implement the Debug trait.\n    some_func(5i32);\n}\n```\n\nNote that the error here is in the definition of the generic function. Although\nwe only call it with a parameter that does implement `Debug`, the compiler\nstill rejects the function. It must work with all possible input types. In\norder to make this example compile, we need to restrict the generic type we're\naccepting:\n\n```\nuse std::fmt;\n\n// Restrict the input type to types that implement Debug.\nfn some_func<T: fmt::Debug>(foo: T) {\n    println!(\"{:?}\", foo);\n}\n\nfn main() {\n    // Calling the method is still fine, as i32 implements Debug.\n    some_func(5i32);\n\n    // This would fail to compile now:\n    // struct WithoutDebug;\n    // some_func(WithoutDebug);\n}\n```\n\nRust only looks at the signature of the called function, as such it must\nalready specify all requirements that will be used for every type parameter.\n"},"level":"error","spans":[{"file_name":"crates\\wax-core\\src\\reader.rs","byte_start":1407,"byte_end":1449,"line_start":47,"line_end":47,"column_start":14,"column_end":56,"is_primary":false,"text":[{"text":"        file.seek(SeekFrom::Start(header.index_offset))?;","highlight_start":14,"highlight_end":56}],"label":"this can't be annotated with `?` because it has type `Result<_, std::io::Error>`","suggested_replacement":null,"suggestion_applicability":null,"expansion":null},{"file_name":"crates\\wax-core\\src\\reader.rs","byte_start":1449,"byte_end":1450,"line_start":47,"line_end":47,"column_start":56,"column_end":57,"is_primary":true,"text":[{"text":"        file.seek(SeekFrom::Start(header.index_offset))?;","highlight_start":56,"highlight_end":57}],"label":"the trait `From<std::io::Error>` is not implemented for `WaxError`","suggested_replacement":null,"suggestion_applicability":null,"expansion":{"span":{"file_name":"crates\\wax-core\\src\\reader.rs","byte_start":1449,"byte_end":1450,"line_start":47,"line_end":47,"column_start":56,"column_end":57,"is_primary":false,"text":[{"text":"        file.seek(SeekFrom::Start(header.index_offset))?;","highlight_start":56,"highlight_end":57}],"label":null,"suggested_replacement":null,"suggestion_applicability":null,"expansion":null},"macro_decl_name":"desugaring of operator `?`","def_site_span":{"file_name":"crates\\wax-core\\src\\lib.rs","byte_start":0,"byte_end":0,"line_start":1,"line_end":1,"column_start":1,"column_end":1,"is_primary":false,"text":[],"label":null,"suggested_replacement":null,"suggestion_applicability":null,"expansion":null}}}],"children":[{"message":"`WaxError` needs to implement `From<std::io::Error>`","code":null,"level":"note","spans":[{"file_name":"crates\\wax-core\\src\\reader.rs","byte_start":299,"byte_end":316,"line_start":11,"line_end":11,"column_start":1,"column_end":18,"is_primary":true,"text":[{"text":"pub enum WaxError {","highlight_start":1,"highlight_end":18}],"label":null,"suggested_replacement":null,"suggestion_applicability":null,"expansion":null}],"children":[],"rendered":null},{"message":"the question mark operation (`?`) implicitly performs a conversion on the error value using the `From` trait","code":null,"level":"note","spans":[],"children":[],"rendered":null}],"rendered":"\u001b[1m\u001b[91merror[E0277]\u001b[0m\u001b[1m\u001b[97m: `?` couldn't convert the error to `WaxError`\u001b[0m\n  \u001b[1m\u001b[96m--> \u001b[0mcrates\\wax-core\\src\\reader.rs:47:56\n   \u001b[1m\u001b[96m|\u001b[0m\n\u001b[1m\u001b[96m47\u001b[0m \u001b[1m\u001b[96m|\u001b[0m         file.seek(SeekFrom::Start(header.index_offset))?;\n   \u001b[1m\u001b[96m|\u001b[0m              \u001b[1m\u001b[96m------------------------------------------\u001b[0m\u001b[1m\u001b[91m^\u001b[0m \u001b[1m\u001b[91mthe trait `From<std::io::Error>` is not implemented for `WaxError`\u001b[0m\n   \u001b[1m\u001b[96m|\u001b[0m              \u001b[1m\u001b[96m|\u001b[0m\n   \u001b[1m\u001b[96m|\u001b[0m              \u001b[1m\u001b[96mthis can't be annotated with `?` because it has type `Result<_, std::io::Error>`\u001b[0m\n   \u001b[1m\u001b[96m|\u001b[0m\n\u001b[1m\u001b[92mnote\u001b[0m: `WaxError` needs to implement `From<std::io::Error>`\n  \u001b[1m\u001b[96m--> \u001b[0mcrates\\wax-core\\src\\reader.rs:11:1\n   \u001b[1m\u001b[96m|\u001b[0m\n\u001b[1m\u001b[96m11\u001b[0m \u001b[1m\u001b[96m|\u001b[0m pub enum WaxError {\n   \u001b[1m\u001b[96m|\u001b[0m \u001b[1m\u001b[92m^^^^^^^^^^^^^^^^^\u001b[0m\n   \u001b[1m\u001b[96m= \u001b[0m\u001b[1m\u001b[97mnote\u001b[0m: the question mark operation (`?`) implicitly performs a conversion on the error value using the `From` trait\n\n"}
{"$message_type":"diagnostic","message":"`?` couldn't convert the error to `WaxError`","code":{"code":"E0277","explanation":"You tried to use a type which doesn't implement some trait in a place which\nexpected that trait.\n\nErroneous code example:\n\n```compile_fail,E0277\n// here we declare the Foo trait with a bar method\ntrait Foo {\n    fn bar(&self);\n}\n\n// we now declare a function which takes an object implementing the Foo trait\nfn some_func<T: Foo>(foo: T) {\n    foo.bar();\n}\n\nfn main() {\n    // we now call the method with the i32 type, which doesn't implement\n    // the Foo trait\n    some_func(5i32); // error: the trait bound `i32 : Foo` is not satisfied\n}\n```\n\nIn order to fix this error, verify that the type you're using does implement\nthe trait. Example:\n\n```\ntrait Foo {\n    fn bar(&self);\n}\n\n// we implement the trait on the i32 type\nimpl Foo for i32 {\n    fn bar(&self) {}\n}\n\nfn some_func<T: Foo>(foo: T) {\n    foo.bar(); // we can now use this method since i32 implements the\n               // Foo trait\n}\n\nfn main() {\n    some_func(5i32); // ok!\n}\n```\n\nOr in a generic context, an erroneous code example would look like:\n\n```compile_fail,E0277\nfn some_func<T>(foo: T) {\n    println!(\"{:?}\", foo); // error: the trait `core::fmt::Debug` is not\n                           //        implemented for the type `T`\n}\n\nfn main() {\n    // We now call the method with the i32 type,\n    // which *does* implement the Debug trait.\n    some_func(5i32);\n}\n```\n\nNote that the error here is in the definition of the generic function. Although\nwe only call it with a parameter that does implement `Debug`, the compiler\nstill rejects the function. It must work with all possible input types. In\norder to make this example compile, we need to restrict the generic type we're\naccepting:\n\n```\nuse std::fmt;\n\n// Restrict the input type to types that implement Debug.\nfn some_func<T: fmt::Debug>(foo: T) {\n    println!(\"{:?}\", foo);\n}\n\nfn main() {\n    // Calling the method is still fine, as i32 implements Debug.\n    some_func(5i32);\n\n    // This would fail to compile now:\n    // struct WithoutDebug;\n    // some_func(WithoutDebug);\n}\n```\n\nRust only looks at the signature of the called function, as such it must\nalready specify all requirements that will be used for every type parameter.\n"},"level":"error","spans":[{"file_name":"crates\\wax-core\\src\\reader.rs","byte_start":1552,"byte_end":1563,"line_start":50,"line_end":50,"column_start":37,"column_end":48,"is_primary":false,"text":[{"text":"        let mut index_reader = file.try_clone()?.take(header.index_length);","highlight_start":37,"highlight_end":48}],"label":"this can't be annotated with `?` because it has type `Result<_, std::io::Error>`","suggested_replacement":null,"suggestion_applicability":null,"expansion":null},{"file_name":"crates\\wax-core\\src\\reader.rs","byte_start":1563,"byte_end":1564,"line_start":50,"line_end":50,"column_start":48,"column_end":49,"is_primary":true,"text":[{"text":"        let mut index_reader = file.try_clone()?.take(header.index_length);","highlight_start":48,"highlight_end":49}],"label":"the trait `From<std::io::Error>` is not implemented for `WaxError`","suggested_replacement":null,"suggestion_applicability":null,"expansion":{"span":{"file_name":"crates\\wax-core\\src\\reader.rs","byte_start":1563,"byte_end":1564,"line_start":50,"line_end":50,"column_start":48,"column_end":49,"is_primary":false,"text":[{"text":"        let mut index_reader = file.try_clone()?.take(header.index_length);","highlight_start":48,"highlight_end":49}],"label":null,"suggested_replacement":null,"suggestion_applicability":null,"expansion":null},"macro_decl_name":"desugaring of operator `?`","def_site_span":{"file_name":"crates\\wax-core\\src\\lib.rs","byte_start":0,"byte_end":0,"line_start":1,"line_end":1,"column_start":1,"column_end":1,"is_primary":false,"text":[],"label":null,"suggested_replacement":null,"suggestion_applicability":null,"expansion":null}}}],"children":[{"message":"`WaxError` needs to implement `From<std::io::Error>`","code":null,"level":"note","spans":[{"file_name":"crates\\wax-core\\src\\reader.rs","byte_start":299,"byte_end":316,"line_start":11,"line_end":11,"column_start":1,"column_end":18,"is_primary":true,"text":[{"text":"pub enum WaxError {","highlight_start":1,"highlight_end":18}],"label":null,"suggested_replacement":null,"suggestion_applicability":null,"expansion":null}],"children":[],"rendered":null},{"message":"the question mark operation (`?`) implicitly performs a conversion on the error value using the `From` trait","code":null,"level":"note","spans":[],"children":[],"rendered":null}],"rendered":"\u001b[1m\u001b[91merror[E0277]\u001b[0m\u001b[1m\u001b[97m: `?` couldn't convert the error to `WaxError`\u001b[0m\n  \u001b[1m\u001b[96m--> \u001b[0mcrates\\wax-core\\src\\reader.rs:50:48\n   \u001b[1m\u001b[96m|\u001b[0m\n\u001b[1m\u001b[96m50\u001b[0m \u001b[1m\u001b[96m|\u001b[0m \u001b[1m\u001b[96m...\u001b[0mndex_reader = file.try_clone()?.take(header.index_length);\n   \u001b[1m\u001b[96m|\u001b[0m                       \u001b[1m\u001b[96m-----------\u001b[0m\u001b[1m\u001b[91m^\u001b[0m \u001b[1m\u001b[91mthe trait `From<std::io::Error>` is not implemented for `WaxError`\u001b[0m\n   \u001b[1m\u001b[96m|\u001b[0m                       \u001b[1m\u001b[96m|\u001b[0m\n   \u001b[1m\u001b[96m|\u001b[0m                       \u001b[1m\u001b[96mthis can't be annotated with `?` because it has type `Result<_, std::io::Error>`\u001b[0m\n   \u001b[1m\u001b[96m|\u001b[0m\n\u001b[1m\u001b[92mnote\u001b[0m: `WaxError` needs to implement `From<std::io::Error>`\n  \u001b[1m\u001b[96m--> \u001b[0mcrates\\wax-core\\src\\reader.rs:11:1\n   \u001b[1m\u001b[96m|\u001b[0m\n\u001b[1m\u001b[96m11\u001b[0m \u001b[1m\u001b[96m|\u001b[0m pub enum WaxError {\n   \u001b[1m\u001b[96m|\u001b[0m \u001b[1m\u001b[92m^^^^^^^^^^^^^^^^^\u001b[0m\n   \u001b[1m\u001b[96m= \u001b[0m\u001b[1m\u001b[97mnote\u001b[0m: the question mark operation (`?`) implicitly performs a conversion on the error value using the `From` trait\n\n"}
{"$message_type":"diagnostic","message":"`?` couldn't convert the error to `WaxError`","code":{"code":"E0277","explanation":"You tried to use a type which doesn't implement some trait in a place which\nexpected that trait.\n\nErroneous code example:\n\n```compile_fail,E0277\n// here we declare the Foo trait with a bar method\ntrait Foo {\n    fn bar(&self);\n}\n\n// we now declare a function which takes an object implementing the Foo trait\nfn some_func<T: Foo>(foo: T) {\n    foo.bar();\n}\n\nfn main() {\n    // we now call the method with the i32 type, which doesn't implement\n    // the Foo trait\n    some_func(5i32); // error: the trait bound `i32 : Foo` is not satisfied\n}\n```\n\nIn order to fix this error, verify that the type you're using does implement\nthe trait. Example:\n\n```\ntrait Foo {\n    fn bar(&self);\n}\n\n// we implement the trait on the i32 type\nimpl Foo for i32 {\n    fn bar(&self) {}\n}\n\nfn some_func<T: Foo>(foo: T) {\n    foo.bar(); // we can now use this method since i32 implements the\n               // Foo trait\n}\n\nfn main() {\n    some_func(5i32); // ok!\n}\n```\n\nOr in a generic context, an erroneous code example would look like:\n\n```compile_fail,E0277\nfn some_func<T>(foo: T) {\n    println!(\"{:?}\", foo); // error: the trait `core::fmt::Debug` is not\n                           //        implemented for the type `T`\n}\n\nfn main() {\n    // We now call the method with the i32 type,\n    // which *does* implement the Debug trait.\n    some_func(5i32);\n}\n```\n\nNote that the error here is in the definition of the generic function. Although\nwe only call it with a parameter that does implement `Debug`, the compiler\nstill rejects the function. It must work with all possible input types. In\norder to make this example compile, we need to restrict the generic type we're\naccepting:\n\n```\nuse std::fmt;\n\n// Restrict the input type to types that implement Debug.\nfn some_func<T: fmt::Debug>(foo: T) {\n    println!(\"{:?}\", foo);\n}\n\nfn main() {\n    // Calling the method is still fine, as i32 implements Debug.\n    some_func(5i32);\n\n    // This would fail to compile now:\n    // struct WithoutDebug;\n    // some_func(WithoutDebug);\n}\n```\n\nRust only looks at the signature of the called function, as such it must\nalready specify all requirements that will be used for every type parameter.\n"},"level":"error","spans":[{"file_name":"crates\\wax-core\\src\\reader.rs","byte_start":1601,"byte_end":1650,"line_start":51,"line_end":51,"column_start":9,"column_end":58,"is_primary":false,"text":[{"text":"        std::io::copy(&mut index_reader, &mut temp_index)?;","highlight_start":9,"highlight_end":58}],"label":"this can't be annotated with `?` because it has type `Result<_, std::io::Error>`","suggested_replacement":null,"suggestion_applicability":null,"expansion":null},{"file_name":"crates\\wax-core\\src\\reader.rs","byte_start":1650,"byte_end":1651,"line_start":51,"line_end":51,"column_start":58,"column_end":59,"is_primary":true,"text":[{"text":"        std::io::copy(&mut index_reader, &mut temp_index)?;","highlight_start":58,"highlight_end":59}],"label":"the trait `From<std::io::Error>` is not implemented for `WaxError`","suggested_replacement":null,"suggestion_applicability":null,"expansion":{"span":{"file_name":"crates\\wax-core\\src\\reader.rs","byte_start":1650,"byte_end":1651,"line_start":51,"line_end":51,"column_start":58,"column_end":59,"is_primary":false,"text":[{"text":"        std::io::copy(&mut index_reader, &mut temp_index)?;","highlight_start":58,"highlight_end":59}],"label":null,"suggested_replacement":null,"suggestion_applicability":null,"expansion":null},"macro_decl_name":"desugaring of operator `?`","def_site_span":{"file_name":"crates\\wax-core\\src\\lib.rs","byte_start":0,"byte_end":0,"line_start":1,"line_end":1,"column_start":1,"column_end":1,"is_primary":false,"text":[],"label":null,"suggested_replacement":null,"suggestion_applicability":null,"expansion":null}}}],"children":[{"message":"`WaxError` needs to implement `From<std::io::Error>`","code":null,"level":"note","spans":[{"file_name":"crates\\wax-core\\src\\reader.rs","byte_start":299,"byte_end":316,"line_start":11,"line_end":11,"column_start":1,"column_end":18,"is_primary":true,"text":[{"text":"pub enum WaxError {","highlight_start":1,"highlight_end":18}],"label":null,"suggested_replacement":null,"suggestion_applicability":null,"expansion":null}],"children":[],"rendered":null},{"message":"the question mark operation (`?`) implicitly performs a conversion on the error value using the `From` trait","code":null,"level":"note","spans":[],"children":[],"rendered":null}],"rendered":"\u001b[1m\u001b[91merror[E0277]\u001b[0m\u001b[1m\u001b[97m: `?` couldn't convert the error to `WaxError`\u001b[0m\n  \u001b[1m\u001b[96m--> \u001b[0mcrates\\wax-core\\src\\reader.rs:51:58\n   \u001b[1m\u001b[96m|\u001b[0m\n\u001b[1m\u001b[96m51\u001b[0m \u001b[1m\u001b[96m|\u001b[0m         std::io::copy(&mut index_reader, &mut temp_index)?;\n   \u001b[1m\u001b[96m|\u001b[0m         \u001b[1m\u001b[96m-------------------------------------------------\u001b[0m\u001b[1m\u001b[91m^\u001b[0m \u001b[1m\u001b[91mthe trait `From<std::io::Error>` is not implemented for `WaxError`\u001b[0m\n   \u001b[1m\u001b[96m|\u001b[0m         \u001b[1m\u001b[96m|\u001b[0m\n   \u001b[1m\u001b[96m|\u001b[0m         \u001b[1m\u001b[96mthis can't be annotated with `?` because it has type `Result<_, std::io::Error>`\u001b[0m\n   \u001b[1m\u001b[96m|\u001b[0m\n\u001b[1m\u001b[92mnote\u001b[0m: `WaxError` needs to implement `From<std::io::Error>`\n  \u001b[1m\u001b[96m--> \u001b[0mcrates\\wax-core\\src\\reader.rs:11:1\n   \u001b[1m\u001b[96m|\u001b[0m\n\u001b[1m\u001b[96m11\u001b[0m \u001b[1m\u001b[96m|\u001b[0m pub enum WaxError {\n   \u001b[1m\u001b[96m|\u001b[0m \u001b[1m\u001b[92m^^^^^^^^^^^^^^^^^\u001b[0m\n   \u001b[1m\u001b[96m= \u001b[0m\u001b[1m\u001b[97mnote\u001b[0m: the question mark operation (`?`) implicitly performs a conversion on the error value using the `From` trait\n\n"}
{"$message_type":"diagnostic","message":"type annotations needed","code":{"code":"E0282","explanation":"The compiler could not infer a type and asked for a type annotation.\n\nErroneous code example:\n\n```compile_fail,E0282\nlet x = Vec::new();\n```\n\nThis error indicates that type inference did not result in one unique possible\ntype, and extra information is required. In most cases this can be provided\nby adding a type annotation. Sometimes you need to specify a generic type\nparameter manually.\n\nIn the example above, type `Vec` has a type parameter `T`. When calling\n`Vec::new`, barring any other later usage of the variable `x` that allows the\ncompiler to infer what type `T` is, the compiler needs to be told what it is.\n\nThe type can be specified on the variable:\n\n```\nlet x: Vec<i32> = Vec::new();\n```\n\nThe type can also be specified in the path of the expression:\n\n```\nlet x = Vec::<i32>::new();\n```\n\nIn cases with more complex types, it is not necessary to annotate the full\ntype. Once the ambiguity is resolved, the compiler can infer the rest:\n\n```\nlet x: Vec<_> = \"hello\".chars().rev().collect();\n```\n\nAnother way to provide the compiler with enough information, is to specify the\ngeneric type parameter:\n\n```\nlet x = \"hello\".chars().rev().collect::<Vec<char>>();\n```\n\nAgain, you need not specify the full type if the compiler can infer it:\n\n```\nlet x = \"hello\".chars().rev().collect::<Vec<_>>();\n```\n\nApart from a method or function with a generic type parameter, this error can\noccur when a type parameter of a struct or trait cannot be inferred. In that\ncase it is not always possible to use a type annotation, because all candidates\nhave the same return type. For instance:\n\n```compile_fail,E0282\nstruct Foo<T> {\n    num: T,\n}\n\nimpl<T> Foo<T> {\n    fn bar() -> i32 {\n        0\n    }\n\n    fn baz() {\n        let number = Foo::bar();\n    }\n}\n```\n\nThis will fail because the compiler does not know which instance of `Foo` to\ncall `bar` on. Change `Foo::bar()` to `Foo::<T>::bar()` to resolve the error.\n"},"level":"error","spans":[{"file_name":"crates\\wax-core\\src\\reader.rs","byte_start":2165,"byte_end":2168,"line_start":68,"line_end":68,"column_start":17,"column_end":20,"is_primary":false,"text":[{"text":"            Ok((row.get(0)?, row.get(1)?))","highlight_start":17,"highlight_end":20}],"label":"type must be known at this point","suggested_replacement":null,"suggestion_applicability":null,"expansion":null},{"file_name":"crates\\wax-core\\src\\reader.rs","byte_start":2141,"byte_end":2144,"line_start":67,"line_end":67,"column_start":66,"column_end":69,"is_primary":true,"text":[{"text":"        let result: Option<(u64, u64)> = stmt.query_row([path], |row| {","highlight_start":66,"highlight_end":69}],"label":null,"suggested_replacement":null,"suggestion_applicability":null,"expansion":null}],"children":[{"message":"consider giving this closure parameter an explicit type","code":null,"level":"help","spans":[{"file_name":"crates\\wax-core\\src\\reader.rs","byte_start":2144,"byte_end":2144,"line_start":67,"line_end":67,"column_start":69,"column_end":69,"is_primary":true,"text":[{"text":"        let result: Option<(u64, u64)> = stmt.query_row([path], |row| {","highlight_start":69,"highlight_end":69}],"label":null,"suggested_replacement":": /* Type */","suggestion_applicability":"HasPlaceholders","expansion":null}],"children":[],"rendered":null}],"rendered":"\u001b[1m\u001b[91merror[E0282]\u001b[0m\u001b[1m\u001b[97m: type annotations needed\u001b[0m\n  \u001b[1m\u001b[96m--> \u001b[0mcrates\\wax-core\\src\\reader.rs:67:66\n   \u001b[1m\u001b[96m|\u001b[0m\n\u001b[1m\u001b[96m67\u001b[0m \u001b[1m\u001b[96m|\u001b[0m \u001b[1m\u001b[96m...\u001b[0mesult: Option<(u64, u64)> = stmt.query_row([path], |row| {\n   \u001b[1m\u001b[96m|\u001b[0m                                                        \u001b[1m\u001b[91m^^^\u001b[0m\n\u001b[1m\u001b[96m68\u001b[0m \u001b[1m\u001b[96m|\u001b[0m \u001b[1m\u001b[96m...\u001b[0mk((row.get(0)?, row.get(1)?))\n   \u001b[1m\u001b[96m|\u001b[0m       \u001b[1m\u001b[96m---\u001b[0m \u001b[1m\u001b[96mtype must be known at this point\u001b[0m\n   \u001b[1m\u001b[96m|\u001b[0m\n\u001b[1m\u001b[96mhelp\u001b[0m: consider giving this closure parameter an explicit type\n   \u001b[1m\u001b[96m|\u001b[0m\n\u001b[1m\u001b[96m67\u001b[0m \u001b[1m\u001b[96m| \u001b[0m        let result: Option<(u64, u64)> = stmt.query_row([path], |row\u001b[92m: /* Type */\u001b[0m| {\n   \u001b[1m\u001b[96m|\u001b[0m                                                                     \u001b[92m++++++++++++\u001b[0m\n\n"}
{"$message_type":"diagnostic","message":"`?` couldn't convert the error to `WaxError`","code":{"code":"E0277","explanation":"You tried to use a type which doesn't implement some trait in a place which\nexpected that trait.\n\nErroneous code example:\n\n```compile_fail,E0277\n// here we declare the Foo trait with a bar method\ntrait Foo {\n    fn bar(&self);\n}\n\n// we now declare a function which takes an object implementing the Foo trait\nfn some_func<T: Foo>(foo: T) {\n    foo.bar();\n}\n\nfn main() {\n    // we now call the method with the i32 type, which doesn't implement\n    // the Foo trait\n    some_func(5i32); // error: the trait bound `i32 : Foo` is not satisfied\n}\n```\n\nIn order to fix this error, verify that the type you're using does implement\nthe trait. Example:\n\n```\ntrait Foo {\n    fn bar(&self);\n}\n\n// we implement the trait on the i32 type\nimpl Foo for i32 {\n    fn bar(&self) {}\n}\n\nfn some_func<T: Foo>(foo: T) {\n    foo.bar(); // we can now use this method since i32 implements the\n               // Foo trait\n}\n\nfn main() {\n    some_func(5i32); // ok!\n}\n```\n\nOr in a generic context, an erroneous code example would look like:\n\n```compile_fail,E0277\nfn some_func<T>(foo: T) {\n    println!(\"{:?}\", foo); // error: the trait `core::fmt::Debug` is not\n                           //        implemented for the type `T`\n}\n\nfn main() {\n    // We now call the method with the i32 type,\n    // which *does* implement the Debug trait.\n    some_func(5i32);\n}\n```\n\nNote that the error here is in the definition of the generic function. Although\nwe only call it with a parameter that does implement `Debug`, the compiler\nstill rejects the function. It must work with all possible input types. In\norder to make this example compile, we need to restrict the generic type we're\naccepting:\n\n```\nuse std::fmt;\n\n// Restrict the input type to types that implement Debug.\nfn some_func<T: fmt::Debug>(foo: T) {\n    println!(\"{:?}\", foo);\n}\n\nfn main() {\n    // Calling the method is still fine, as i32 implements Debug.\n    some_func(5i32);\n\n    // This would fail to compile now:\n    // struct WithoutDebug;\n    // some_func(WithoutDebug);\n}\n```\n\nRust only looks at the signature of the called function, as such it must\nalready specify all requirements that will be used for every type parameter.\n"},"level":"error","spans":[{"file_name":"crates\\wax-core\\src\\reader.rs","byte_start":2409,"byte_end":2438,"line_start":76,"line_end":76,"column_start":27,"column_end":56,"is_primary":false,"text":[{"text":"        self.archive_file.seek(SeekFrom::Start(offset))?;","highlight_start":27,"highlight_end":56}],"label":"this can't be annotated with `?` because it has type `Result<_, std::io::Error>`","suggested_replacement":null,"suggestion_applicability":null,"expansion":null},{"file_name":"crates\\wax-core\\src\\reader.rs","byte_start":2438,"byte_end":2439,"line_start":76,"line_end":76,"column_start":56,"column_end":57,"is_primary":true,"text":[{"text":"        self.archive_file.seek(SeekFrom::Start(offset))?;","highlight_start":56,"highlight_end":57}],"label":"the trait `From<std::io::Error>` is not implemented for `WaxError`","suggested_replacement":null,"suggestion_applicability":null,"expansion":{"span":{"file_name":"crates\\wax-core\\src\\reader.rs","byte_start":2438,"byte_end":2439,"line_start":76,"line_end":76,"column_start":56,"column_end":57,"is_primary":false,"text":[{"text":"        self.archive_file.seek(SeekFrom::Start(offset))?;","highlight_start":56,"highlight_end":57}],"label":null,"suggested_replacement":null,"suggestion_applicability":null,"expansion":null},"macro_decl_name":"desugaring of operator `?`","def_site_span":{"file_name":"crates\\wax-core\\src\\lib.rs","byte_start":0,"byte_end":0,"line_start":1,"line_end":1,"column_start":1,"column_end":1,"is_primary":false,"text":[],"label":null,"suggested_replacement":null,"suggestion_applicability":null,"expansion":null}}}],"children":[{"message":"`WaxError` needs to implement `From<std::io::Error>`","code":null,"level":"note","spans":[{"file_name":"crates\\wax-core\\src\\reader.rs","byte_start":299,"byte_end":316,"line_start":11,"line_end":11,"column_start":1,"column_end":18,"is_primary":true,"text":[{"text":"pub enum WaxError {","highlight_start":1,"highlight_end":18}],"label":null,"suggested_replacement":null,"suggestion_applicability":null,"expansion":null}],"children":[],"rendered":null},{"message":"the question mark operation (`?`) implicitly performs a conversion on the error value using the `From` trait","code":null,"level":"note","spans":[],"children":[],"rendered":null}],"rendered":"\u001b[1m\u001b[91merror[E0277]\u001b[0m\u001b[1m\u001b[97m: `?` couldn't convert the error to `WaxError`\u001b[0m\n  \u001b[1m\u001b[96m--> \u001b[0mcrates\\wax-core\\src\\reader.rs:76:56\n   \u001b[1m\u001b[96m|\u001b[0m\n\u001b[1m\u001b[96m76\u001b[0m \u001b[1m\u001b[96m|\u001b[0m         self.archive_file.seek(SeekFrom::Start(offset))?;\n   \u001b[1m\u001b[96m|\u001b[0m                           \u001b[1m\u001b[96m-----------------------------\u001b[0m\u001b[1m\u001b[91m^\u001b[0m \u001b[1m\u001b[91mthe trait `From<std::io::Error>` is not implemented for `WaxError`\u001b[0m\n   \u001b[1m\u001b[96m|\u001b[0m                           \u001b[1m\u001b[96m|\u001b[0m\n   \u001b[1m\u001b[96m|\u001b[0m                           \u001b[1m\u001b[96mthis can't be annotated with `?` because it has type `Result<_, std::io::Error>`\u001b[0m\n   \u001b[1m\u001b[96m|\u001b[0m\n\u001b[1m\u001b[92mnote\u001b[0m: `WaxError` needs to implement `From<std::io::Error>`\n  \u001b[1m\u001b[96m--> \u001b[0mcrates\\wax-core\\src\\reader.rs:11:1\n   \u001b[1m\u001b[96m|\u001b[0m\n\u001b[1m\u001b[96m11\u001b[0m \u001b[1m\u001b[96m|\u001b[0m pub enum WaxError {\n   \u001b[1m\u001b[96m|\u001b[0m \u001b[1m\u001b[92m^^^^^^^^^^^^^^^^^\u001b[0m\n   \u001b[1m\u001b[96m= \u001b[0m\u001b[1m\u001b[97mnote\u001b[0m: the question mark operation (`?`) implicitly performs a conversion on the error value using the `From` trait\n\n"}
{"$message_type":"diagnostic","message":"`?` couldn't convert the error to `WaxError`","code":{"code":"E0277","explanation":"You tried to use a type which doesn't implement some trait in a place which\nexpected that trait.\n\nErroneous code example:\n\n```compile_fail,E0277\n// here we declare the Foo trait with a bar method\ntrait Foo {\n    fn bar(&self);\n}\n\n// we now declare a function which takes an object implementing the Foo trait\nfn some_func<T: Foo>(foo: T) {\n    foo.bar();\n}\n\nfn main() {\n    // we now call the method with the i32 type, which doesn't implement\n    // the Foo trait\n    some_func(5i32); // error: the trait bound `i32 : Foo` is not satisfied\n}\n```\n\nIn order to fix this error, verify that the type you're using does implement\nthe trait. Example:\n\n```\ntrait Foo {\n    fn bar(&self);\n}\n\n// we implement the trait on the i32 type\nimpl Foo for i32 {\n    fn bar(&self) {}\n}\n\nfn some_func<T: Foo>(foo: T) {\n    foo.bar(); // we can now use this method since i32 implements the\n               // Foo trait\n}\n\nfn main() {\n    some_func(5i32); // ok!\n}\n```\n\nOr in a generic context, an erroneous code example would look like:\n\n```compile_fail,E0277\nfn some_func<T>(foo: T) {\n    println!(\"{:?}\", foo); // error: the trait `core::fmt::Debug` is not\n                           //        implemented for the type `T`\n}\n\nfn main() {\n    // We now call the method with the i32 type,\n    // which *does* implement the Debug trait.\n    some_func(5i32);\n}\n```\n\nNote that the error here is in the definition of the generic function. Although\nwe only call it with a parameter that does implement `Debug`, the compiler\nstill rejects the function. It must work with all possible input types. In\norder to make this example compile, we need to restrict the generic type we're\naccepting:\n\n```\nuse std::fmt;\n\n// Restrict the input type to types that implement Debug.\nfn some_func<T: fmt::Debug>(foo: T) {\n    println!(\"{:?}\", foo);\n}\n\nfn main() {\n    // Calling the method is still fine, as i32 implements Debug.\n    some_func(5i32);\n\n    // This would fail to compile now:\n    // struct WithoutDebug;\n    // some_func(WithoutDebug);\n}\n```\n\nRust only looks at the signature of the called function, as such it must\nalready specify all requirements that will be used for every type parameter.\n"},"level":"error","spans":[{"file_name":"crates\\wax-core\\src\\reader.rs","byte_start":2535,"byte_end":2569,"line_start":79,"line_end":79,"column_start":27,"column_end":61,"is_primary":false,"text":[{"text":"        self.archive_file.read_exact(&mut compressed_buffer)?;","highlight_start":27,"highlight_end":61}],"label":"this can't be annotated with `?` because it has type `Result<_, std::io::Error>`","suggested_replacement":null,"suggestion_applicability":null,"expansion":null},{"file_name":"crates\\wax-core\\src\\reader.rs","byte_start":2569,"byte_end":2570,"line_start":79,"line_end":79,"column_start":61,"column_end":62,"is_primary":true,"text":[{"text":"        self.archive_file.read_exact(&mut compressed_buffer)?;","highlight_start":61,"highlight_end":62}],"label":"the trait `From<std::io::Error>` is not implemented for `WaxError`","suggested_replacement":null,"suggestion_applicability":null,"expansion":{"span":{"file_name":"crates\\wax-core\\src\\reader.rs","byte_start":2569,"byte_end":2570,"line_start":79,"line_end":79,"column_start":61,"column_end":62,"is_primary":false,"text":[{"text":"        self.archive_file.read_exact(&mut compressed_buffer)?;","highlight_start":61,"highlight_end":62}],"label":null,"suggested_replacement":null,"suggestion_applicability":null,"expansion":null},"macro_decl_name":"desugaring of operator `?`","def_site_span":{"file_name":"crates\\wax-core\\src\\lib.rs","byte_start":0,"byte_end":0,"line_start":1,"line_end":1,"column_start":1,"column_end":1,"is_primary":false,"text":[],"label":null,"suggested_replacement":null,"suggestion_applicability":null,"expansion":null}}}],"children":[{"message":"`WaxError` needs to implement `From<std::io::Error>`","code":null,"level":"note","spans":[{"file_name":"crates\\wax-core\\src\\reader.rs","byte_start":299,"byte_end":316,"line_start":11,"line_end":11,"column_start":1,"column_end":18,"is_primary":true,"text":[{"text":"pub enum WaxError {","highlight_start":1,"highlight_end":18}],"label":null,"suggested_replacement":null,"suggestion_applicability":null,"expansion":null}],"children":[],"rendered":null},{"message":"the question mark operation (`?`) implicitly performs a conversion on the error value using the `From` trait","code":null,"level":"note","spans":[],"children":[],"rendered":null}],"rendered":"\u001b[1m\u001b[91merror[E0277]\u001b[0m\u001b[1m\u001b[97m: `?` couldn't convert the error to `WaxError`\u001b[0m\n  \u001b[1m\u001b[96m--> \u001b[0mcrates\\wax-core\\src\\reader.rs:79:61\n   \u001b[1m\u001b[96m|\u001b[0m\n\u001b[1m\u001b[96m79\u001b[0m \u001b[1m\u001b[96m|\u001b[0m         self.archive_file.read_exact(&mut compressed_buffer)?;\n   \u001b[1m\u001b[96m|\u001b[0m                           \u001b[1m\u001b[96m----------------------------------\u001b[0m\u001b[1m\u001b[91m^\u001b[0m \u001b[1m\u001b[91mthe trait `From<std::io::Error>` is not implemented for `WaxError`\u001b[0m\n   \u001b[1m\u001b[96m|\u001b[0m                           \u001b[1m\u001b[96m|\u001b[0m\n   \u001b[1m\u001b[96m|\u001b[0m                           \u001b[1m\u001b[96mthis can't be annotated with `?` because it has type `Result<_, std::io::Error>`\u001b[0m\n   \u001b[1m\u001b[96m|\u001b[0m\n\u001b[1m\u001b[92mnote\u001b[0m: `WaxError` needs to implement `From<std::io::Error>`\n  \u001b[1m\u001b[96m--> \u001b[0mcrates\\wax-core\\src\\reader.rs:11:1\n   \u001b[1m\u001b[96m|\u001b[0m\n\u001b[1m\u001b[96m11\u001b[0m \u001b[1m\u001b[96m|\u001b[0m pub enum WaxError {\n   \u001b[1m\u001b[96m|\u001b[0m \u001b[1m\u001b[92m^^^^^^^^^^^^^^^^^\u001b[0m\n   \u001b[1m\u001b[96m= \u001b[0m\u001b[1m\u001b[97mnote\u001b[0m: the question mark operation (`?`) implicitly performs a conversion on the error value using the `From` trait\n\n"}
{"$message_type":"diagnostic","message":"type annotations needed","code":{"code":"E0282","explanation":"The compiler could not infer a type and asked for a type annotation.\n\nErroneous code example:\n\n```compile_fail,E0282\nlet x = Vec::new();\n```\n\nThis error indicates that type inference did not result in one unique possible\ntype, and extra information is required. In most cases this can be provided\nby adding a type annotation. Sometimes you need to specify a generic type\nparameter manually.\n\nIn the example above, type `Vec` has a type parameter `T`. When calling\n`Vec::new`, barring any other later usage of the variable `x` that allows the\ncompiler to infer what type `T` is, the compiler needs to be told what it is.\n\nThe type can be specified on the variable:\n\n```\nlet x: Vec<i32> = Vec::new();\n```\n\nThe type can also be specified in the path of the expression:\n\n```\nlet x = Vec::<i32>::new();\n```\n\nIn cases with more complex types, it is not necessary to annotate the full\ntype. Once the ambiguity is resolved, the compiler can infer the rest:\n\n```\nlet x: Vec<_> = \"hello\".chars().rev().collect();\n```\n\nAnother way to provide the compiler with enough information, is to specify the\ngeneric type parameter:\n\n```\nlet x = \"hello\".chars().rev().collect::<Vec<char>>();\n```\n\nAgain, you need not specify the full type if the compiler can infer it:\n\n```\nlet x = \"hello\".chars().rev().collect::<Vec<_>>();\n```\n\nApart from a method or function with a generic type parameter, this error can\noccur when a type parameter of a struct or trait cannot be inferred. In that\ncase it is not always possible to use a type annotation, because all candidates\nhave the same return type. For instance:\n\n```compile_fail,E0282\nstruct Foo<T> {\n    num: T,\n}\n\nimpl<T> Foo<T> {\n    fn bar() -> i32 {\n        0\n    }\n\n    fn baz() {\n        let number = Foo::bar();\n    }\n}\n```\n\nThis will fail because the compiler does not know which instance of `Foo` to\ncall `bar` on. Change `Foo::bar()` to `Foo::<T>::bar()` to resolve the error.\n"},"level":"error","spans":[{"file_name":"crates\\wax-core\\src\\reader.rs","byte_start":3003,"byte_end":3006,"line_start":92,"line_end":92,"column_start":65,"column_end":68,"is_primary":false,"text":[{"text":"        let mime: Option<String> = stmt.query_row([path], |row| row.get(0)).optional()?;","highlight_start":65,"highlight_end":68}],"label":"type must be known at this point","suggested_replacement":null,"suggestion_applicability":null,"expansion":null},{"file_name":"crates\\wax-core\\src\\reader.rs","byte_start":2998,"byte_end":3001,"line_start":92,"line_end":92,"column_start":60,"column_end":63,"is_primary":true,"text":[{"text":"        let mime: Option<String> = stmt.query_row([path], |row| row.get(0)).optional()?;","highlight_start":60,"highlight_end":63}],"label":null,"suggested_replacement":null,"suggestion_applicability":null,"expansion":null}],"children":[{"message":"consider giving this closure parameter an explicit type","code":null,"level":"help","spans":[{"file_name":"crates\\wax-core\\src\\reader.rs","byte_start":3001,"byte_end":3001,"line_start":92,"line_end":92,"column_start":63,"column_end":63,"is_primary":true,"text":[{"text":"        let mime: Option<String> = stmt.query_row([path], |row| row.get(0)).optional()?;","highlight_start":63,"highlight_end":63}],"label":null,"suggested_replacement":": /* Type */","suggestion_applicability":"HasPlaceholders","expansion":null}],"children":[],"rendered":null}],"rendered":"\u001b[1m\u001b[91merror[E0282]\u001b[0m\u001b[1m\u001b[97m: type annotations needed\u001b[0m\n  \u001b[1m\u001b[96m--> \u001b[0mcrates\\wax-core\\src\\reader.rs:92:60\n   \u001b[1m\u001b[96m|\u001b[0m\n\u001b[1m\u001b[96m92\u001b[0m \u001b[1m\u001b[96m|\u001b[0m \u001b[1m\u001b[96m...\u001b[0m[path], |row| row.get(0)).optional()?;\n   \u001b[1m\u001b[96m|\u001b[0m             \u001b[1m\u001b[91m^^^\u001b[0m  \u001b[1m\u001b[96m---\u001b[0m \u001b[1m\u001b[96mtype must be known at this point\u001b[0m\n   \u001b[1m\u001b[96m|\u001b[0m\n\u001b[1m\u001b[96mhelp\u001b[0m: consider giving this closure parameter an explicit type\n   \u001b[1m\u001b[96m|\u001b[0m\n\u001b[1m\u001b[96m92\u001b[0m \u001b[1m\u001b[96m| \u001b[0m        let mime: Option<String> = stmt.query_row([path], |row\u001b[92m: /* Type */\u001b[0m| row.get(0)).optional()?;\n   \u001b[1m\u001b[96m|\u001b[0m                                                               \u001b[92m++++++++++++\u001b[0m\n\n"}
{"$message_type":"diagnostic","message":"failed to resolve: use of unresolved module or unlinked crate `rusqlite`","code":{"code":"E0433","explanation":"An undeclared crate, module, or type was used.\n\nErroneous code example:\n\n```compile_fail,E0433\nlet map = HashMap::new();\n// error: failed to resolve: use of undeclared type `HashMap`\n```\n\nPlease verify you didn't misspell the type/module's name or that you didn't\nforget to import it:\n\n```\nuse std::collections::HashMap; // HashMap has been imported.\nlet map: HashMap<u32, u32> = HashMap::new(); // So it can be used!\n```\n\nIf you've expected to use a crate name:\n\n```compile_fail\nuse ferris_wheel::BigO;\n// error: failed to resolve: use of undeclared module or unlinked crate\n```\n\nMake sure the crate has been added as a dependency in `Cargo.toml`.\n\nTo use a module from your current crate, add the `crate::` prefix to the path.\n"},"level":"error","spans":[{"file_name":"crates\\wax-core\\src\\reader.rs","byte_start":435,"byte_end":443,"line_start":15,"line_end":15,"column_start":17,"column_end":25,"is_primary":true,"text":[{"text":"    Sql(#[from] rusqlite::Error),","highlight_start":17,"highlight_end":25}],"label":"use of unresolved module or unlinked crate `rusqlite`","suggested_replacement":null,"suggestion_applicability":null,"expansion":null}],"children":[{"message":"if you wanted to use a crate named `rusqlite`, use `cargo add rusqlite` to add it to your `Cargo.toml`","code":null,"level":"help","spans":[],"children":[],"rendered":null}],"rendered":"\u001b[1m\u001b[91merror[E0433]\u001b[0m\u001b[1m\u001b[97m: failed to resolve: use of unresolved module or unlinked crate `rusqlite`\u001b[0m\n  \u001b[1m\u001b[96m--> \u001b[0mcrates\\wax-core\\src\\reader.rs:15:17\n   \u001b[1m\u001b[96m|\u001b[0m\n\u001b[1m\u001b[96m15\u001b[0m \u001b[1m\u001b[96m|\u001b[0m     Sql(#[from] rusqlite::Error),\n   \u001b[1m\u001b[96m|\u001b[0m                 \u001b[1m\u001b[91m^^^^^^^^\u001b[0m \u001b[1m\u001b[91muse of unresolved module or unlinked crate `rusqlite`\u001b[0m\n   \u001b[1m\u001b[96m|\u001b[0m\n   \u001b[1m\u001b[96m= \u001b[0m\u001b[1m\u001b[97mhelp\u001b[0m: if you wanted to use a crate named `rusqlite`, use `cargo add rusqlite` to add it to your `Cargo.toml`\n\n"}
{"$message_type":"diagnostic","message":"aborting due to 23 previous errors","code":null,"level":"error","spans":[],"children":[],"rendered":"\u001b[1m\u001b[91merror\u001b[0m\u001b[1m\u001b[97m: aborting due to 23 previous errors\u001b[0m\n\n"}
{"$message_type":"diagnostic","message":"Some errors have detailed explanations: E0277, E0282, E0432, E0433.","code":null,"level":"failure-note","spans":[],"children":[],"rendered":"\u001b[1m\u001b[97mSome errors have detailed explanations: E0277, E0282, E0432, E0433.\u001b[0m\n"}
{"$message_type":"diagnostic","message":"For more information about an error, try `rustc --explain E0277`.","code":null,"level":"failure-note","spans":[],"children":[],"rendered":"\u001b[1m\u001b[97mFor more information about an error, try `rustc --explain E0277`.\u001b[0m\n"}
